<?xml version="1.0" encoding="UTF-8"?>
<!-- Generated by org.testng.reporters.JUnitReportReporter -->
<testsuite hostname="Vaishnavi6" failures="0" tests="1" name="maven.maven.groupspriority" time="7.818" errors="0" timestamp="2025-03-22T19:46:16 IST" skipped="0">
  <testcase classname="maven.maven.groupspriority" name="jeans" time="7.818"/>
  <system-out/>
</testsuite> <!-- maven.maven.groupspriority -->
