<?xml version="1.0" encoding="UTF-8"?>
<!-- Generated by org.testng.reporters.JUnitReportReporter -->
<testsuite hostname="Vaishnavi6" failures="0" tests="1" name="maven.maven.testng" time="7.452" errors="0" timestamp="2025-02-20T21:02:42 IST" skipped="0">
  <testcase classname="maven.maven.testng" name="setup" time="7.452"/>
  <system-out/>
</testsuite> <!-- maven.maven.testng -->
