<?xml version="1.0" encoding="UTF-8"?>
<!-- Generated by org.testng.reporters.JUnitReportReporter -->
<testsuite hostname="Vaishnavi6" failures="0" tests="3" name="Demo.testng" time="27.318" errors="0" timestamp="2025-03-22T18:36:20 IST" skipped="0">
  <testcase classname="Demo.testng" name="password" time="9.830"/>
  <system-out/>
  <testcase classname="Demo.testng" name="LOGIN" time="7.520"/>
  <system-out/>
  <testcase classname="Demo.testng" name="click" time="9.968"/>
  <system-out/>
</testsuite> <!-- Demo.testng -->
