<?xml version="1.0" encoding="UTF-8"?>
<!-- Generated by org.testng.reporters.JUnitReportReporter -->
<testsuite hostname="Vaishnavi6" failures="0" tests="1" name="Demo.Dragg_Drop3" time="1.437" errors="0" timestamp="2025-03-10T22:14:01 IST" skipped="0">
  <testcase classname="Demo.Dragg_Drop3" name="dragdrop" time="1.437"/>
  <system-out/>
</testsuite> <!-- Demo.Dragg_Drop3 -->
